<?xml version="1.0" encoding="UTF-8"?>
<!-- Generated by org.testng.reporters.JUnitReportReporter -->
<testsuite skipped="0" hostname="LAPTOP-SJ3817CH" name="Academy.DemoProject.LoginPageTest" tests="1" failures="0" timestamp="25 Feb 2020 23:47:43 GMT" time="32.665" errors="0">
  <testcase name="basePageNavigation" time="32.665" classname="Academy.DemoProject.LoginPageTest"/>
</testsuite> <!-- Academy.DemoProject.LoginPageTest -->
